
ROM used:   74/8192 (1%)
            74/8192 (1%) including unused fragments

            0.1 Average locations per line
            4.1 Average locations per statement

RAM used:   7/368 (2%) at main() level
            8/368 (2%) worst case

Stack used: 0 worst case (0 in main + 0 for interrupts)
Stack size: 8

Lines Stmts  %   Files
----- ----- ---  -----
   37    18 100  Practica9_ComSerie_PIC-ARDUINO.c
  684     0   0  ..\..\..\..\..\Program Files (x86)\PICC\Devices\16f877a.h
----- -----
  721    18 Total

Page ROM  %  RAM    Vol Diff  Functions:
---- --- --- ---    --- ----  ----------
0     22  30    1             @delay_ms1
0     48  65    0    270  4.1  main
 Inline         0             @cinit1

Program metrics:
    Functions               1
    Statements              18
    Comments                132
    Volume (V)              275
    Difficulty (D)          3.7
    Effort to implement (E) 1022
    Time to implement (T)   1 minutes
    Est Delivered Bugs (B)  0
    Cyclomatic Complexity   3
    Maintainability (MI)    51

 Segment     Used  Free
-----------  ----  ----
00000-00003     4  0  
00004-007FF    70  1974  
00800-00FFF     0  2048  
01000-017FF     0  2048  
01800-01FFF     0  2048  



